<?xml version="1.0" encoding="UTF-8"?>
<testng-results ignored="0" total="1" passed="1" failed="0" skipped="0">
  <reporter-output>
  </reporter-output>
  <suite started-at="2023-07-21T19:04:37 IST" name="Default suite" finished-at="2023-07-21T19:05:13 IST" duration-ms="36148">
    <groups>
    </groups>
    <test started-at="2023-07-21T19:04:37 IST" name="Default test" finished-at="2023-07-21T19:05:13 IST" duration-ms="36148">
      <class name="IntertrustTestAutomation.NewTest">
        <test-method is-config="true" signature="beforeTest()[pri:0, instance:IntertrustTestAutomation.NewTest@2cf3d63b]" started-at="2023-07-21T19:04:37 IST" name="beforeTest" finished-at="2023-07-21T19:04:37 IST" duration-ms="16" status="PASS">
          <reporter-output>
          </reporter-output>
        </test-method> <!-- beforeTest -->
        <test-method is-config="true" signature="launchBrowser()[pri:0, instance:IntertrustTestAutomation.NewTest@2cf3d63b]" started-at="2023-07-21T19:04:37 IST" name="launchBrowser" finished-at="2023-07-21T19:04:47 IST" duration-ms="10700" status="PASS">
          <reporter-output>
          </reporter-output>
        </test-method> <!-- launchBrowser -->
        <test-method signature="VerifyWeatherForecastForCity()[pri:0, instance:IntertrustTestAutomation.NewTest@2cf3d63b]" started-at="2023-07-21T19:04:47 IST" name="VerifyWeatherForecastForCity" finished-at="2023-07-21T19:05:13 IST" duration-ms="25149" status="PASS">
          <reporter-output>
          </reporter-output>
        </test-method> <!-- VerifyWeatherForecastForCity -->
        <test-method is-config="true" signature="afterTest()[pri:0, instance:IntertrustTestAutomation.NewTest@2cf3d63b]" started-at="2023-07-21T19:05:13 IST" name="afterTest" finished-at="2023-07-21T19:05:13 IST" duration-ms="183" status="PASS">
          <reporter-output>
          </reporter-output>
        </test-method> <!-- afterTest -->
      </class> <!-- IntertrustTestAutomation.NewTest -->
    </test> <!-- Default test -->
  </suite> <!-- Default suite -->
</testng-results>
